<?xml version="1.0" encoding="UTF-8"?>
<!-- Generated by org.testng.reporters.JUnitReportReporter -->
<testsuite name="qsp.DemoA" tests="1" time="28.918" ignored="0" failures="0" timestamp="13 Aug 2017 09:17:26 GMT" skipped="0" hostname="Sushma" errors="0">
  <testcase name="testA" time="28.918" classname="qsp.DemoA"/>
</testsuite> <!-- qsp.DemoA -->
